[00:48:21] [INFO] SQL: SELECT * FROM usuario WHERE id = ? [1]
[00:48:21] [INFO] SQL: SELECT * FROM usuario WHERE id = ? [1]
[00:48:21] [INFO] SQL: SELECT * FROM usuario WHERE id = ? [1]
[00:48:22] [INFO] SQL: SELECT * FROM usuario WHERE id = ? [1]
[00:48:23] [INFO] SQL: SELECT * FROM usuario WHERE id = ? [1]
[00:48:29] [INFO] SQL: SELECT id, contenido 
                        FROM pregunta 
                        WHERE categoria_id = ? 
                        ORDER BY RAND() 
                        LIMIT 1
[00:48:29] [INFO] SQL: SELECT * FROM usuario WHERE id = ? [1]
[00:48:29] [INFO] SQL: SELECT * FROM usuario WHERE id = ? [1]
[00:48:32] [INFO] SQL: SELECT * FROM usuario WHERE id = ? [1]
[00:48:33] [INFO] SQL: SELECT * FROM usuario WHERE id = ? [1]
[00:48:42] [INFO] SQL: SELECT * FROM usuario WHERE id = ? [1]
[00:48:42] [INFO] SQL: SELECT * FROM usuario WHERE id = ? [1]
[00:48:42] [INFO] SQL: SELECT * FROM usuario WHERE id = ? [1]
[01:51:42] [INFO] SQL: SELECT * FROM usuario WHERE id = ? [1]
[01:51:42] [INFO] SQL: SELECT * FROM usuario WHERE id = ? [1]
[01:51:43] [INFO] SQL: SELECT * FROM usuario WHERE id = ? [1]
[01:51:43] [INFO] SQL: SELECT * FROM usuario WHERE id = ? [1]
[01:53:12] [INFO] SQL: SELECT * FROM usuario WHERE id = ? [1]
[01:53:12] [INFO] SQL: SELECT * FROM usuario WHERE id = ? [1]
[01:53:12] [INFO] SQL: SELECT * FROM usuario WHERE id = ? [1]
[01:53:13] [INFO] SQL: SELECT * FROM usuario WHERE id = ? [1]
[01:53:13] [INFO] SQL: SELECT * FROM usuario WHERE id = ? [1]
[01:53:14] [INFO] SQL: SELECT * FROM usuario WHERE id = ? [1]
[01:53:14] [INFO] SQL: SELECT * FROM usuario WHERE id = ? [1]
[01:53:15] [INFO] SQL: SELECT * FROM usuario WHERE id = ? [1]
[01:53:22] [INFO] SQL: SELECT id, contenido 
                        FROM pregunta 
                        WHERE categoria_id = ? 
                        ORDER BY RAND() 
                        LIMIT 1
[01:53:22] [INFO] SQL: SELECT * FROM usuario WHERE id = ? [1]
[01:53:22] [INFO] SQL: SELECT * FROM usuario WHERE id = ? [1]
[01:53:34] [INFO] SQL: SELECT * FROM usuario WHERE id = ? [1]
[01:55:12] [INFO] SQL: SELECT * FROM usuario WHERE id = ? [1]
[01:55:12] [INFO] SQL: SELECT * FROM usuario WHERE id = ? [1]
[01:55:14] [INFO] SQL: SELECT * FROM usuario WHERE id = ? [1]
[01:55:15] [INFO] SQL: SELECT * FROM usuario WHERE id = ? [1]
[01:55:15] [INFO] SQL: SELECT * FROM usuario WHERE id = ? [1]
[01:55:15] [INFO] SQL: SELECT * FROM usuario WHERE id = ? [1]
[01:55:16] [INFO] SQL: SELECT * FROM usuario WHERE id = ? [1]
[01:56:47] [INFO] SQL: SELECT * FROM usuario WHERE id = ? [1]
[01:56:48] [INFO] SQL: SELECT * FROM usuario WHERE id = ? [1]
[01:56:48] [INFO] SQL: SELECT * FROM usuario WHERE id = ? [1]
[01:56:50] [INFO] SQL: SELECT * FROM usuario WHERE id = ? [1]
[01:56:52] [INFO] SQL: SELECT * FROM usuario WHERE id = ? [1]
[01:56:52] [INFO] SQL: SELECT * FROM usuario WHERE id = ? [1]
[01:56:52] [INFO] SQL: SELECT * FROM usuario WHERE id = ? [1]
[01:56:53] [INFO] SQL: SELECT * FROM usuario WHERE id = ? [1]
[15:35:00] [INFO] SQL: SELECT * FROM usuario WHERE nombre_usuario = ? [culo]
[15:35:09] [INFO] SQL: SELECT * FROM usuario WHERE nombre_usuario = ? [denu]
[15:35:09] [INFO] SQL: SELECT * FROM usuario WHERE id = ? [1]
[15:35:09] [INFO] SQL: SELECT * FROM usuario WHERE id = ? [1]
[15:35:09] [INFO] SQL: SELECT * FROM usuario WHERE id = ? [1]
[15:35:13] [INFO] SQL: SELECT * FROM usuario WHERE id = ? [1]
[15:35:14] [INFO] SQL: SELECT * FROM usuario WHERE id = ? [1]
[15:35:41] [INFO] SQL: SELECT id, contenido 
                        FROM pregunta 
                        WHERE categoria_id = ? 
                        ORDER BY RAND() 
                        LIMIT 1
[15:35:41] [INFO] SQL: SELECT * FROM usuario WHERE id = ? [1]
[15:35:41] [INFO] SQL: SELECT * FROM usuario WHERE id = ? [1]
[15:35:49] [INFO] SQL: SELECT * FROM usuario WHERE id = ? [1]
[15:42:20] [INFO] SQL: SELECT * FROM usuario WHERE id = ? [1]
[15:42:21] [INFO] SQL: SELECT * FROM usuario WHERE id = ? [1]
[15:42:21] [INFO] SQL: SELECT * FROM usuario WHERE id = ? [1]
[15:42:21] [INFO] SQL: SELECT * FROM usuario WHERE id = ? [1]
[15:42:23] [INFO] SQL: SELECT * FROM usuario WHERE id = ? [1]
[15:42:23] [INFO] SQL: SELECT * FROM usuario WHERE id = ? [1]
[15:42:23] [INFO] SQL: SELECT * FROM usuario WHERE id = ? [1]
[15:42:23] [INFO] SQL: SELECT * FROM usuario WHERE id = ? [1]
[15:42:43] [INFO] SQL: SELECT * FROM usuario WHERE id = ? [1]
[15:42:48] [INFO] SQL: SELECT * FROM usuario WHERE id = ? [1]
[15:42:48] [INFO] SQL: SELECT * FROM usuario WHERE id = ? [1]
[15:42:49] [INFO] SQL: SELECT * FROM usuario WHERE id = ? [1]
[15:42:49] [INFO] SQL: SELECT * FROM usuario WHERE id = ? [1]
[15:42:54] [INFO] SQL: SELECT * FROM usuario WHERE nombre_usuario = ? [denu]
[15:42:54] [INFO] SQL: SELECT * FROM usuario WHERE id = ? [1]
[15:42:54] [INFO] SQL: SELECT * FROM usuario WHERE id = ? [1]
[15:42:55] [INFO] SQL: SELECT * FROM usuario WHERE id = ? [1]
[15:42:56] [INFO] SQL: SELECT * FROM usuario WHERE id = ? [1]
[15:47:04] [INFO] SQL: SELECT * FROM usuario WHERE id = ? [1]
[15:47:08] [INFO] SQL: SELECT * FROM usuario WHERE id = ? [1]
[15:47:10] [INFO] SQL: SELECT * FROM usuario WHERE id = ? [1]
[15:47:10] [INFO] SQL: SELECT * FROM usuario WHERE id = ? [1]
[15:47:10] [INFO] SQL: SELECT * FROM usuario WHERE id = ? [1]
[15:47:12] [INFO] SQL: SELECT * FROM usuario WHERE id = ? [1]
[15:47:12] [INFO] SQL: SELECT * FROM usuario WHERE id = ? [1]
[15:47:12] [INFO] SQL: SELECT * FROM usuario WHERE id = ? [1]
[15:47:13] [INFO] SQL: SELECT * FROM usuario WHERE id = ? [1]
[15:50:43] [INFO] SQL: SELECT * FROM usuario WHERE id = ? [1]
[15:50:48] [INFO] SQL: SELECT * FROM usuario WHERE id = ? [1]
[15:50:48] [INFO] SQL: SELECT * FROM usuario WHERE id = ? [1]
[15:50:48] [INFO] SQL: SELECT * FROM usuario WHERE id = ? [1]
[15:50:50] [INFO] SQL: SELECT * FROM usuario WHERE id = ? [1]
[15:50:50] [INFO] SQL: SELECT * FROM usuario WHERE id = ? [1]
[15:50:50] [INFO] SQL: SELECT * FROM usuario WHERE id = ? [1]
[15:50:50] [INFO] SQL: SELECT * FROM usuario WHERE id = ? [1]
[15:50:57] [INFO] SQL: SELECT * FROM usuario WHERE id = ? [1]
[15:50:57] [INFO] SQL: SELECT * FROM usuario WHERE id = ? [1]
[15:50:57] [INFO] SQL: SELECT * FROM usuario WHERE id = ? [1]
[15:50:58] [INFO] SQL: SELECT * FROM usuario WHERE id = ? [1]
[15:50:58] [INFO] SQL: SELECT * FROM usuario WHERE id = ? [1]
[15:50:58] [INFO] SQL: SELECT * FROM usuario WHERE id = ? [1]
[15:51:00] [INFO] SQL: SELECT * FROM usuario WHERE id = ? [1]
[15:52:28] [INFO] SQL: SELECT * FROM usuario WHERE id = ? [1]
[15:52:28] [INFO] SQL: SELECT * FROM usuario WHERE id = ? [1]
[15:52:28] [INFO] SQL: SELECT * FROM usuario WHERE id = ? [1]
[15:52:29] [INFO] SQL: SELECT * FROM usuario WHERE id = ? [1]
[15:52:29] [INFO] SQL: SELECT * FROM usuario WHERE id = ? [1]
[15:52:29] [INFO] SQL: SELECT * FROM usuario WHERE id = ? [1]
[15:52:30] [INFO] SQL: SELECT * FROM usuario WHERE id = ? [1]
[15:52:35] [INFO] SQL: SELECT * FROM usuario WHERE id = ? [1]
[15:52:35] [INFO] SQL: SELECT * FROM usuario WHERE id = ? [1]
[15:52:35] [INFO] SQL: SELECT * FROM usuario WHERE id = ? [1]
[15:52:36] [INFO] SQL: SELECT * FROM usuario WHERE id = ? [1]
[15:52:36] [INFO] SQL: SELECT * FROM usuario WHERE id = ? [1]
[15:52:37] [INFO] SQL: SELECT * FROM usuario WHERE id = ? [1]
[15:53:03] [INFO] SQL: SELECT * FROM usuario WHERE id = ? [1]
[15:53:03] [INFO] SQL: SELECT * FROM usuario WHERE id = ? [1]
[15:53:03] [INFO] SQL: SELECT * FROM usuario WHERE id = ? [1]
[15:53:03] [INFO] SQL: SELECT * FROM usuario WHERE id = ? [1]
[15:53:14] [INFO] SQL: SELECT * FROM usuario WHERE id = ? [1]
[15:53:14] [INFO] SQL: SELECT * FROM usuario WHERE id = ? [1]
[15:53:14] [INFO] SQL: SELECT * FROM usuario WHERE id = ? [1]
[15:53:28] [INFO] SQL: SELECT * FROM usuario WHERE id = ? [1]
[15:53:28] [INFO] SQL: SELECT * FROM usuario WHERE id = ? [1]
[15:53:29] [INFO] SQL: SELECT * FROM usuario WHERE id = ? [1]
[15:53:36] [INFO] SQL: SELECT * FROM usuario WHERE id = ? [1]
[15:53:57] [INFO] SQL: SELECT * FROM usuario WHERE id = ? [1]
[15:53:57] [INFO] SQL: SELECT * FROM usuario WHERE id = ? [1]
[15:53:57] [INFO] SQL: SELECT * FROM usuario WHERE id = ? [1]
[15:54:06] [INFO] SQL: SELECT * FROM usuario WHERE nombre_usuario = ? [denu]
[15:54:06] [INFO] SQL: SELECT * FROM usuario WHERE id = ? [1]
[15:54:06] [INFO] SQL: SELECT * FROM usuario WHERE id = ? [1]
[15:54:06] [INFO] SQL: SELECT * FROM usuario WHERE id = ? [1]
[15:54:08] [INFO] SQL: SELECT * FROM usuario WHERE id = ? [1]
[15:54:08] [INFO] SQL: SELECT * FROM usuario WHERE id = ? [1]
[15:54:16] [INFO] SQL: SELECT id, contenido 
                        FROM pregunta 
                        WHERE categoria_id = ? 
                        ORDER BY RAND() 
                        LIMIT 1
[15:54:16] [INFO] SQL: SELECT * FROM usuario WHERE id = ? [1]
[15:54:16] [INFO] SQL: SELECT * FROM usuario WHERE id = ? [1]
[15:54:19] [INFO] SQL: SELECT * FROM usuario WHERE id = ? [1]
[15:54:19] [INFO] SQL: SELECT * FROM usuario WHERE id = ? [1]
[15:54:20] [INFO] SQL: SELECT * FROM usuario WHERE id = ? [1]
[15:55:48] [INFO] SQL: SELECT * FROM usuario WHERE id = ? [1]
[15:55:48] [INFO] SQL: SELECT * FROM usuario WHERE id = ? [1]
[15:55:49] [INFO] SQL: SELECT * FROM usuario WHERE id = ? [1]
[15:55:50] [INFO] SQL: SELECT * FROM usuario WHERE id = ? [1]
[15:55:50] [INFO] SQL: SELECT * FROM usuario WHERE id = ? [1]
[15:55:50] [INFO] SQL: SELECT * FROM usuario WHERE id = ? [1]
[15:55:51] [INFO] SQL: SELECT * FROM usuario WHERE id = ? [1]
[15:55:51] [INFO] SQL: SELECT * FROM usuario WHERE id = ? [1]
[15:55:58] [INFO] SQL: SELECT id, contenido 
                        FROM pregunta 
                        WHERE categoria_id = ? 
                        ORDER BY RAND() 
                        LIMIT 1
[15:55:58] [INFO] SQL: SELECT * FROM usuario WHERE id = ? [1]
[15:55:58] [INFO] SQL: SELECT * FROM usuario WHERE id = ? [1]
[15:56:01] [INFO] SQL: SELECT * FROM usuario WHERE id = ? [1]
[15:56:01] [INFO] SQL: SELECT * FROM usuario WHERE id = ? [1]
[15:56:07] [INFO] SQL: SELECT * FROM usuario WHERE id = ? [1]
[15:56:07] [INFO] SQL: SELECT * FROM usuario WHERE id = ? [1]
[15:56:16] [INFO] SQL: SELECT id, contenido 
                        FROM pregunta 
                        WHERE categoria_id = ? 
                        ORDER BY RAND() 
                        LIMIT 1
[15:56:16] [INFO] SQL: SELECT * FROM usuario WHERE id = ? [1]
[15:56:16] [INFO] SQL: SELECT * FROM usuario WHERE id = ? [1]
[15:56:23] [INFO] SQL: SELECT * FROM usuario WHERE id = ? [1]
[15:56:23] [INFO] SQL: SELECT * FROM usuario WHERE id = ? [1]
[15:56:24] [INFO] SQL: SELECT * FROM usuario WHERE id = ? [1]
[15:56:24] [INFO] SQL: SELECT * FROM usuario WHERE id = ? [1]
[15:56:32] [INFO] SQL: SELECT id, contenido 
                        FROM pregunta 
                        WHERE categoria_id = ? 
                        ORDER BY RAND() 
                        LIMIT 1
[15:56:32] [INFO] SQL: SELECT * FROM usuario WHERE id = ? [1]
[15:56:32] [INFO] SQL: SELECT * FROM usuario WHERE id = ? [1]
[15:56:44] [INFO] SQL: SELECT * FROM usuario WHERE id = ? [1]
[15:56:44] [INFO] SQL: SELECT * FROM usuario WHERE id = ? [1]
[15:59:33] [INFO] SQL: SELECT * FROM usuario WHERE id = ? [1]
[15:59:33] [INFO] SQL: SELECT * FROM usuario WHERE id = ? [1]
[15:59:39] [INFO] SQL: SELECT * FROM usuario WHERE id = ? [1]
[15:59:39] [INFO] SQL: SELECT * FROM usuario WHERE id = ? [1]
[16:11:24] [INFO] SQL: SELECT * FROM usuario WHERE id = ? [1]
[16:11:24] [INFO] SQL: SELECT * FROM usuario WHERE id = ? [1]
[16:11:24] [INFO] SQL: SELECT * FROM usuario WHERE id = ? [1]
[16:11:26] [INFO] SQL: SELECT * FROM usuario WHERE id = ? [1]
[16:11:26] [INFO] SQL: SELECT * FROM usuario WHERE id = ? [1]
[16:11:26] [INFO] SQL: SELECT * FROM usuario WHERE id = ? [1]
[16:11:27] [INFO] SQL: SELECT * FROM usuario WHERE id = ? [1]
[16:11:27] [INFO] SQL: SELECT * FROM usuario WHERE id = ? [1]
[16:11:34] [INFO] SQL: SELECT id, contenido 
                        FROM pregunta 
                        WHERE categoria_id = ? 
                        ORDER BY RAND() 
                        LIMIT 1
[16:11:34] [INFO] SQL: SELECT * FROM usuario WHERE id = ? [1]
[16:11:34] [INFO] SQL: SELECT * FROM usuario WHERE id = ? [1]
[16:11:37] [INFO] SQL: SELECT * FROM usuario WHERE id = ? [1]
[16:12:06] [INFO] SQL: SELECT * FROM usuario WHERE id = ? [1]
[16:12:06] [INFO] SQL: SELECT * FROM usuario WHERE id = ? [1]
[16:12:07] [INFO] SQL: SELECT * FROM usuario WHERE id = ? [1]
[16:12:07] [INFO] SQL: SELECT * FROM usuario WHERE id = ? [1]
[16:12:07] [INFO] SQL: SELECT * FROM usuario WHERE id = ? [1]
[16:12:08] [INFO] SQL: SELECT * FROM usuario WHERE id = ? [1]
[16:12:08] [INFO] SQL: SELECT * FROM usuario WHERE id = ? [1]
[16:12:08] [INFO] SQL: SELECT * FROM usuario WHERE id = ? [1]
[16:12:15] [INFO] SQL: SELECT id, contenido 
                        FROM pregunta 
                        WHERE categoria_id = ? 
                        ORDER BY RAND() 
                        LIMIT 1
[16:12:15] [INFO] SQL: SELECT * FROM usuario WHERE id = ? [1]
[16:12:15] [INFO] SQL: SELECT * FROM usuario WHERE id = ? [1]
[16:12:21] [INFO] SQL: SELECT * FROM usuario WHERE id = ? [1]
[16:12:58] [INFO] SQL: SELECT * FROM usuario WHERE id = ? [1]
[16:13:01] [INFO] SQL: SELECT * FROM usuario WHERE id = ? [1]
[16:13:01] [INFO] SQL: SELECT * FROM usuario WHERE id = ? [1]
[16:13:01] [INFO] SQL: SELECT * FROM usuario WHERE id = ? [1]
[16:13:02] [INFO] SQL: SELECT * FROM usuario WHERE id = ? [1]
[16:13:02] [INFO] SQL: SELECT * FROM usuario WHERE id = ? [1]
[16:13:02] [INFO] SQL: SELECT * FROM usuario WHERE id = ? [1]
[16:13:02] [INFO] SQL: SELECT * FROM usuario WHERE id = ? [1]
[16:13:03] [INFO] SQL: SELECT * FROM usuario WHERE id = ? [1]
[16:13:09] [INFO] SQL: SELECT id, contenido 
                        FROM pregunta 
                        WHERE categoria_id = ? 
                        ORDER BY RAND() 
                        LIMIT 1
[16:13:09] [INFO] SQL: SELECT * FROM usuario WHERE id = ? [1]
[16:13:09] [INFO] SQL: SELECT * FROM usuario WHERE id = ? [1]
[16:13:12] [INFO] SQL: SELECT * FROM usuario WHERE id = ? [1]
[16:13:12] [INFO] SQL: SELECT * FROM usuario WHERE id = ? [1]
[16:13:32] [INFO] SQL: SELECT * FROM usuario WHERE id = ? [1]
[16:13:32] [INFO] SQL: SELECT * FROM usuario WHERE id = ? [1]
[16:13:39] [INFO] SQL: SELECT id, contenido 
                        FROM pregunta 
                        WHERE categoria_id = ? 
                        ORDER BY RAND() 
                        LIMIT 1
[16:13:39] [INFO] SQL: SELECT * FROM usuario WHERE id = ? [1]
[16:13:39] [INFO] SQL: SELECT * FROM usuario WHERE id = ? [1]
[16:13:40] [INFO] SQL: SELECT * FROM usuario WHERE id = ? [1]
[16:13:40] [INFO] SQL: SELECT * FROM usuario WHERE id = ? [1]
[16:13:42] [INFO] SQL: SELECT * FROM usuario WHERE id = ? [1]
[16:13:42] [INFO] SQL: SELECT * FROM usuario WHERE id = ? [1]
[16:26:09] [INFO] SQL: SELECT * FROM usuario WHERE id = ? [1]
[16:26:09] [INFO] SQL: SELECT * FROM usuario WHERE id = ? [1]
[16:26:10] [INFO] SQL: SELECT * FROM usuario WHERE id = ? [1]
[16:26:11] [INFO] SQL: SELECT * FROM usuario WHERE id = ? [1]
[16:26:11] [INFO] SQL: SELECT * FROM usuario WHERE id = ? [1]
[16:26:11] [INFO] SQL: SELECT * FROM usuario WHERE id = ? [1]
[16:26:12] [INFO] SQL: SELECT * FROM usuario WHERE id = ? [1]
[16:26:12] [INFO] SQL: SELECT * FROM usuario WHERE id = ? [1]
[16:26:19] [INFO] SQL: SELECT id, contenido 
                        FROM pregunta 
                        WHERE categoria_id = ? 
                        ORDER BY RAND() 
                        LIMIT 1
[16:26:19] [INFO] SQL: SELECT * FROM usuario WHERE id = ? [1]
[16:26:19] [INFO] SQL: SELECT * FROM usuario WHERE id = ? [1]
[16:26:26] [INFO] SQL: SELECT * FROM usuario WHERE id = ? [1]
[16:26:26] [INFO] SQL: SELECT * FROM usuario WHERE id = ? [1]
[16:26:27] [INFO] SQL: SELECT * FROM usuario WHERE id = ? [1]
[16:26:28] [INFO] SQL: SELECT * FROM usuario WHERE id = ? [1]
[16:26:34] [INFO] SQL: SELECT * FROM usuario WHERE id = ? [1]
[16:26:34] [INFO] SQL: SELECT * FROM usuario WHERE id = ? [1]
[16:26:35] [INFO] SQL: SELECT * FROM usuario WHERE id = ? [1]
[16:26:35] [INFO] SQL: SELECT * FROM usuario WHERE id = ? [1]
[16:26:37] [INFO] SQL: SELECT * FROM usuario WHERE id = ? [1]
[16:26:37] [INFO] SQL: SELECT * FROM usuario WHERE id = ? [1]
[16:26:38] [INFO] SQL: SELECT * FROM usuario WHERE id = ? [1]
[16:26:38] [INFO] SQL: SELECT * FROM usuario WHERE id = ? [1]
[16:26:41] [INFO] SQL: SELECT * FROM usuario WHERE id = ? [1]
[16:26:41] [INFO] SQL: SELECT * FROM usuario WHERE id = ? [1]
[16:26:46] [INFO] SQL: SELECT * FROM usuario WHERE id = ? [1]
[16:26:46] [INFO] SQL: SELECT * FROM usuario WHERE id = ? [1]
[16:26:47] [INFO] SQL: SELECT * FROM usuario WHERE id = ? [1]
[16:26:47] [INFO] SQL: SELECT * FROM usuario WHERE id = ? [1]
[16:26:50] [INFO] SQL: SELECT * FROM usuario WHERE id = ? [1]
[16:26:50] [INFO] SQL: SELECT * FROM usuario WHERE id = ? [1]
[17:46:09] [INFO] SQL: SELECT * FROM usuario WHERE id = ? [1]
[17:46:09] [INFO] SQL: SELECT * FROM usuario WHERE id = ? [1]
[17:46:10] [INFO] SQL: SELECT * FROM usuario WHERE id = ? [1]
[17:46:11] [INFO] SQL: SELECT * FROM usuario WHERE id = ? [1]
[17:46:11] [INFO] SQL: SELECT * FROM usuario WHERE id = ? [1]
[17:46:11] [INFO] SQL: SELECT * FROM usuario WHERE id = ? [1]
[17:46:12] [INFO] SQL: SELECT * FROM usuario WHERE id = ? [1]
[17:46:12] [INFO] SQL: SELECT * FROM usuario WHERE id = ? [1]
[17:46:19] [INFO] SQL: SELECT id, contenido 
                        FROM pregunta 
                        WHERE categoria_id = ? 
                        ORDER BY RAND() 
                        LIMIT 1
[17:46:19] [INFO] SQL: SELECT * FROM usuario WHERE id = ? [1]
[17:46:19] [INFO] SQL: SELECT * FROM usuario WHERE id = ? [1]
[17:46:26] [INFO] SQL: SELECT * FROM usuario WHERE id = ? [1]
[17:46:27] [INFO] SQL: SELECT * FROM usuario WHERE id = ? [1]
[17:46:32] [INFO] SQL: SELECT * FROM usuario WHERE id = ? [1]
[17:47:06] [INFO] SQL: SELECT * FROM usuario WHERE id = ? [1]
[17:47:06] [INFO] SQL: SELECT * FROM usuario WHERE id = ? [1]
[17:47:06] [INFO] SQL: SELECT * FROM usuario WHERE id = ? [1]
[17:47:07] [INFO] SQL: SELECT * FROM usuario WHERE id = ? [1]
[17:47:07] [INFO] SQL: SELECT * FROM usuario WHERE id = ? [1]
[17:47:08] [INFO] SQL: SELECT * FROM usuario WHERE id = ? [1]
[17:47:08] [INFO] SQL: SELECT * FROM usuario WHERE id = ? [1]
[17:47:08] [INFO] SQL: SELECT * FROM usuario WHERE id = ? [1]
[17:47:15] [INFO] SQL: SELECT id, contenido 
                        FROM pregunta 
                        WHERE categoria_id = ? 
                        ORDER BY RAND() 
                        LIMIT 1
[17:47:15] [INFO] SQL: SELECT * FROM usuario WHERE id = ? [1]
[17:47:15] [INFO] SQL: SELECT * FROM usuario WHERE id = ? [1]
[17:47:18] [INFO] SQL: SELECT * FROM usuario WHERE id = ? [1]
[17:47:19] [INFO] SQL: SELECT * FROM usuario WHERE id = ? [1]
[17:47:20] [INFO] SQL: SELECT * FROM usuario WHERE id = ? [1]
[17:47:20] [INFO] SQL: SELECT * FROM usuario WHERE id = ? [1]
[17:47:21] [INFO] SQL: SELECT * FROM usuario WHERE id = ? [1]
[17:47:22] [INFO] SQL: SELECT * FROM usuario WHERE id = ? [1]
[17:47:22] [INFO] SQL: SELECT * FROM usuario WHERE id = ? [1]
[17:47:28] [INFO] SQL: SELECT id, contenido 
                        FROM pregunta 
                        WHERE categoria_id = ? 
                        ORDER BY RAND() 
                        LIMIT 1
[17:47:28] [INFO] SQL: SELECT * FROM usuario WHERE id = ? [1]
[17:47:28] [INFO] SQL: SELECT * FROM usuario WHERE id = ? [1]
[17:47:34] [INFO] SQL: SELECT * FROM usuario WHERE id = ? [1]
[17:47:35] [INFO] SQL: SELECT * FROM usuario WHERE id = ? [1]
[17:47:36] [INFO] SQL: SELECT * FROM usuario WHERE id = ? [1]
[17:47:36] [INFO] SQL: SELECT * FROM usuario WHERE id = ? [1]
[17:47:37] [INFO] SQL: SELECT * FROM usuario WHERE id = ? [1]
[17:47:39] [INFO] SQL: SELECT * FROM usuario WHERE id = ? [1]
[17:47:39] [INFO] SQL: SELECT * FROM usuario WHERE id = ? [1]
[17:47:45] [INFO] SQL: SELECT id, contenido 
                        FROM pregunta 
                        WHERE categoria_id = ? 
                        ORDER BY RAND() 
                        LIMIT 1
[17:47:45] [INFO] SQL: SELECT * FROM usuario WHERE id = ? [1]
[17:47:45] [INFO] SQL: SELECT * FROM usuario WHERE id = ? [1]
[17:47:50] [INFO] SQL: SELECT * FROM usuario WHERE id = ? [1]
[17:47:50] [INFO] SQL: SELECT * FROM usuario WHERE id = ? [1]
[17:47:53] [INFO] SQL: SELECT * FROM usuario WHERE id = ? [1]
[17:47:53] [INFO] SQL: SELECT * FROM usuario WHERE id = ? [1]
[17:47:53] [INFO] SQL: SELECT * FROM usuario WHERE id = ? [1]
[17:47:54] [INFO] SQL: SELECT * FROM usuario WHERE id = ? [1]
[17:47:54] [INFO] SQL: SELECT * FROM usuario WHERE id = ? [1]
[17:48:01] [INFO] SQL: SELECT id, contenido 
                        FROM pregunta 
                        WHERE categoria_id = ? 
                        ORDER BY RAND() 
                        LIMIT 1
[17:48:01] [INFO] SQL: SELECT * FROM usuario WHERE id = ? [1]
[17:48:02] [INFO] SQL: SELECT * FROM usuario WHERE id = ? [1]
[17:48:09] [INFO] SQL: SELECT * FROM usuario WHERE id = ? [1]
[17:48:10] [INFO] SQL: SELECT * FROM usuario WHERE id = ? [1]
[17:48:12] [INFO] SQL: SELECT * FROM usuario WHERE id = ? [1]
[17:48:12] [INFO] SQL: SELECT * FROM usuario WHERE id = ? [1]
[17:48:12] [INFO] SQL: SELECT * FROM usuario WHERE id = ? [1]
[17:48:13] [INFO] SQL: SELECT * FROM usuario WHERE id = ? [1]
[17:48:13] [INFO] SQL: SELECT * FROM usuario WHERE id = ? [1]
[17:48:20] [INFO] SQL: SELECT id, contenido 
                        FROM pregunta 
                        WHERE categoria_id = ? 
                        ORDER BY RAND() 
                        LIMIT 1
[17:48:20] [INFO] SQL: SELECT * FROM usuario WHERE id = ? [1]
[17:48:20] [INFO] SQL: SELECT * FROM usuario WHERE id = ? [1]
[17:48:27] [INFO] SQL: SELECT * FROM usuario WHERE id = ? [1]
[17:48:27] [INFO] SQL: SELECT * FROM usuario WHERE id = ? [1]
[17:48:30] [INFO] SQL: SELECT * FROM usuario WHERE id = ? [1]
[17:48:30] [INFO] SQL: SELECT * FROM usuario WHERE id = ? [1]
[17:48:30] [INFO] SQL: SELECT * FROM usuario WHERE id = ? [1]
[17:48:32] [INFO] SQL: SELECT * FROM usuario WHERE id = ? [1]
[17:48:32] [INFO] SQL: SELECT * FROM usuario WHERE id = ? [1]
[17:48:38] [INFO] SQL: SELECT id, contenido 
                        FROM pregunta 
                        WHERE categoria_id = ? 
                        ORDER BY RAND() 
                        LIMIT 1
[17:48:38] [INFO] SQL: SELECT * FROM usuario WHERE id = ? [1]
[17:48:38] [INFO] SQL: SELECT * FROM usuario WHERE id = ? [1]
[17:48:42] [INFO] SQL: SELECT * FROM usuario WHERE id = ? [1]
[17:48:42] [INFO] SQL: SELECT * FROM usuario WHERE id = ? [1]
[17:48:43] [INFO] SQL: SELECT * FROM usuario WHERE id = ? [1]
[17:48:43] [INFO] SQL: SELECT * FROM usuario WHERE id = ? [1]
[17:48:43] [INFO] SQL: SELECT * FROM usuario WHERE id = ? [1]
[17:48:44] [INFO] SQL: SELECT * FROM usuario WHERE id = ? [1]
[17:48:45] [INFO] SQL: SELECT * FROM usuario WHERE id = ? [1]
[17:48:53] [INFO] SQL: SELECT id, contenido 
                        FROM pregunta 
                        WHERE categoria_id = ? 
                        ORDER BY RAND() 
                        LIMIT 1
[17:48:53] [INFO] SQL: SELECT * FROM usuario WHERE id = ? [1]
[17:48:53] [INFO] SQL: SELECT * FROM usuario WHERE id = ? [1]
[17:48:56] [INFO] SQL: SELECT * FROM usuario WHERE id = ? [1]
[17:48:56] [INFO] SQL: SELECT * FROM usuario WHERE id = ? [1]
[17:52:46] [INFO] SQL: SELECT * FROM usuario WHERE id = ? [1]
[17:52:46] [INFO] SQL: SELECT * FROM usuario WHERE id = ? [1]
[17:52:47] [INFO] SQL: SELECT * FROM usuario WHERE id = ? [1]
[17:52:49] [INFO] SQL: SELECT * FROM usuario WHERE id = ? [1]
[17:52:49] [INFO] SQL: SELECT * FROM usuario WHERE id = ? [1]
[17:52:49] [INFO] SQL: SELECT * FROM usuario WHERE id = ? [1]
[17:52:49] [INFO] SQL: SELECT * FROM usuario WHERE id = ? [1]
[17:52:50] [INFO] SQL: SELECT * FROM usuario WHERE id = ? [1]
[17:52:56] [INFO] SQL: SELECT id, contenido 
                        FROM pregunta 
                        WHERE categoria_id = ? 
                        ORDER BY RAND() 
                        LIMIT 1
[17:52:56] [INFO] SQL: SELECT * FROM usuario WHERE id = ? [1]
[17:52:56] [INFO] SQL: SELECT * FROM usuario WHERE id = ? [1]
[17:53:09] [INFO] SQL: SELECT * FROM usuario WHERE id = ? [1]
[17:53:09] [INFO] SQL: SELECT * FROM usuario WHERE id = ? [1]
[17:54:58] [INFO] SQL: SELECT * FROM usuario WHERE id = ? [1]
[17:54:58] [INFO] SQL: SELECT * FROM usuario WHERE id = ? [1]
[17:55:03] [INFO] SQL: SELECT * FROM usuario WHERE id = ? [1]
[17:55:03] [INFO] SQL: SELECT * FROM usuario WHERE id = ? [1]
[17:55:07] [INFO] SQL: SELECT * FROM usuario WHERE id = ? [1]
[17:55:08] [INFO] SQL: SELECT * FROM usuario WHERE id = ? [1]
[17:55:09] [INFO] SQL: SELECT * FROM usuario WHERE id = ? [1]
[17:55:10] [INFO] SQL: SELECT * FROM usuario WHERE id = ? [1]
[17:55:10] [INFO] SQL: SELECT * FROM usuario WHERE id = ? [1]
[17:55:10] [INFO] SQL: SELECT * FROM usuario WHERE id = ? [1]
[17:55:11] [INFO] SQL: SELECT * FROM usuario WHERE id = ? [1]
[17:55:11] [INFO] SQL: SELECT * FROM usuario WHERE id = ? [1]
[17:55:11] [INFO] SQL: SELECT * FROM usuario WHERE id = ? [1]
[17:55:12] [INFO] SQL: SELECT * FROM usuario WHERE id = ? [1]
[17:55:13] [INFO] SQL: SELECT * FROM usuario WHERE id = ? [1]
[17:55:19] [INFO] SQL: SELECT id, contenido 
                        FROM pregunta 
                        WHERE categoria_id = ? 
                        ORDER BY RAND() 
                        LIMIT 1
[17:55:19] [INFO] SQL: SELECT * FROM usuario WHERE id = ? [1]
[17:55:19] [INFO] SQL: SELECT * FROM usuario WHERE id = ? [1]
[17:55:23] [INFO] SQL: SELECT * FROM usuario WHERE id = ? [1]
[17:55:23] [INFO] SQL: SELECT * FROM usuario WHERE id = ? [1]
[17:55:24] [INFO] SQL: SELECT * FROM usuario WHERE id = ? [1]
[17:55:25] [INFO] SQL: SELECT * FROM usuario WHERE id = ? [1]
[17:55:31] [INFO] SQL: SELECT id, contenido 
                        FROM pregunta 
                        WHERE categoria_id = ? 
                        ORDER BY RAND() 
                        LIMIT 1
[17:55:31] [INFO] SQL: SELECT * FROM usuario WHERE id = ? [1]
[17:55:31] [INFO] SQL: SELECT * FROM usuario WHERE id = ? [1]
[17:55:36] [INFO] SQL: SELECT * FROM usuario WHERE id = ? [1]
[17:55:36] [INFO] SQL: SELECT * FROM usuario WHERE id = ? [1]
[17:55:55] [INFO] SQL: SELECT * FROM usuario WHERE id = ? [1]
[17:55:55] [INFO] SQL: SELECT * FROM usuario WHERE id = ? [1]
[17:55:56] [INFO] SQL: SELECT * FROM usuario WHERE id = ? [1]
[17:55:57] [INFO] SQL: SELECT * FROM usuario WHERE id = ? [1]
[17:55:57] [INFO] SQL: SELECT * FROM usuario WHERE id = ? [1]
[17:55:57] [INFO] SQL: SELECT * FROM usuario WHERE id = ? [1]
[17:55:58] [INFO] SQL: SELECT * FROM usuario WHERE id = ? [1]
[17:55:58] [INFO] SQL: SELECT * FROM usuario WHERE id = ? [1]
[17:56:05] [INFO] SQL: SELECT id, contenido 
                        FROM pregunta 
                        WHERE categoria_id = ? 
                        ORDER BY RAND() 
                        LIMIT 1
[17:56:05] [INFO] SQL: SELECT * FROM usuario WHERE id = ? [1]
[17:56:06] [INFO] SQL: SELECT * FROM usuario WHERE id = ? [1]
[17:56:09] [INFO] SQL: SELECT * FROM usuario WHERE id = ? [1]
[17:56:09] [INFO] SQL: SELECT * FROM usuario WHERE id = ? [1]
[17:56:12] [INFO] SQL: SELECT * FROM usuario WHERE id = ? [1]
[17:56:12] [INFO] SQL: SELECT * FROM usuario WHERE id = ? [1]
[17:56:12] [INFO] SQL: SELECT * FROM usuario WHERE id = ? [1]
[17:56:13] [INFO] SQL: SELECT * FROM usuario WHERE id = ? [1]
[17:56:13] [INFO] SQL: SELECT * FROM usuario WHERE id = ? [1]
[17:56:20] [INFO] SQL: SELECT id, contenido 
                        FROM pregunta 
                        WHERE categoria_id = ? 
                        ORDER BY RAND() 
                        LIMIT 1
[17:56:20] [INFO] SQL: SELECT * FROM usuario WHERE id = ? [1]
[17:56:20] [INFO] SQL: SELECT * FROM usuario WHERE id = ? [1]
[17:56:27] [INFO] SQL: SELECT * FROM usuario WHERE id = ? [1]
[17:56:27] [INFO] SQL: SELECT * FROM usuario WHERE id = ? [1]
[17:56:28] [INFO] SQL: SELECT * FROM usuario WHERE id = ? [1]
[17:56:29] [INFO] SQL: SELECT * FROM usuario WHERE id = ? [1]
[17:56:35] [INFO] SQL: SELECT id, contenido 
                        FROM pregunta 
                        WHERE categoria_id = ? 
                        ORDER BY RAND() 
                        LIMIT 1
[17:56:35] [INFO] SQL: SELECT * FROM usuario WHERE id = ? [1]
[17:56:35] [INFO] SQL: SELECT * FROM usuario WHERE id = ? [1]
[17:56:39] [INFO] SQL: SELECT * FROM usuario WHERE id = ? [1]
[17:56:39] [INFO] SQL: SELECT * FROM usuario WHERE id = ? [1]
[17:56:41] [INFO] SQL: SELECT * FROM usuario WHERE id = ? [1]
[17:56:41] [INFO] SQL: SELECT * FROM usuario WHERE id = ? [1]
[17:56:47] [INFO] SQL: SELECT id, contenido 
                        FROM pregunta 
                        WHERE categoria_id = ? 
                        ORDER BY RAND() 
                        LIMIT 1
[17:56:47] [INFO] SQL: SELECT * FROM usuario WHERE id = ? [1]
[17:56:47] [INFO] SQL: SELECT * FROM usuario WHERE id = ? [1]
[17:56:52] [INFO] SQL: SELECT * FROM usuario WHERE id = ? [1]
[17:56:52] [INFO] SQL: SELECT * FROM usuario WHERE id = ? [1]
[17:56:53] [INFO] SQL: SELECT * FROM usuario WHERE id = ? [1]
[17:56:54] [INFO] SQL: SELECT * FROM usuario WHERE id = ? [1]
[17:57:00] [INFO] SQL: SELECT id, contenido 
                        FROM pregunta 
                        WHERE categoria_id = ? 
                        ORDER BY RAND() 
                        LIMIT 1
[17:57:00] [INFO] SQL: SELECT * FROM usuario WHERE id = ? [1]
[17:57:00] [INFO] SQL: SELECT * FROM usuario WHERE id = ? [1]
[17:57:08] [INFO] SQL: SELECT * FROM usuario WHERE id = ? [1]
[17:57:08] [INFO] SQL: SELECT * FROM usuario WHERE id = ? [1]
[17:57:10] [INFO] SQL: SELECT * FROM usuario WHERE id = ? [1]
[17:57:10] [INFO] SQL: SELECT * FROM usuario WHERE id = ? [1]
[17:57:16] [INFO] SQL: SELECT id, contenido 
                        FROM pregunta 
                        WHERE categoria_id = ? 
                        ORDER BY RAND() 
                        LIMIT 1
[17:57:16] [INFO] SQL: SELECT * FROM usuario WHERE id = ? [1]
[17:57:16] [INFO] SQL: SELECT * FROM usuario WHERE id = ? [1]
[17:57:21] [INFO] SQL: SELECT * FROM usuario WHERE id = ? [1]
[17:57:22] [INFO] SQL: SELECT * FROM usuario WHERE id = ? [1]
[17:57:23] [INFO] SQL: SELECT * FROM usuario WHERE id = ? [1]
[17:59:47] [INFO] SQL: SELECT * FROM usuario WHERE id = ? [1]
[17:59:47] [INFO] SQL: SELECT * FROM usuario WHERE id = ? [1]
[17:59:47] [INFO] SQL: SELECT * FROM usuario WHERE id = ? [1]
[17:59:49] [INFO] SQL: SELECT * FROM usuario WHERE id = ? [1]
[17:59:49] [INFO] SQL: SELECT * FROM usuario WHERE id = ? [1]
[17:59:49] [INFO] SQL: SELECT * FROM usuario WHERE id = ? [1]
[17:59:49] [INFO] SQL: SELECT * FROM usuario WHERE id = ? [1]
[17:59:50] [INFO] SQL: SELECT * FROM usuario WHERE id = ? [1]
[17:59:57] [INFO] SQL: SELECT id, contenido 
                        FROM pregunta 
                        WHERE categoria_id = ? 
                        ORDER BY RAND() 
                        LIMIT 1
[17:59:57] [INFO] SQL: SELECT * FROM usuario WHERE id = ? [1]
[17:59:58] [INFO] SQL: SELECT * FROM usuario WHERE id = ? [1]
[18:00:14] [INFO] SQL: SELECT * FROM usuario WHERE id = ? [1]
[18:00:14] [INFO] SQL: SELECT * FROM usuario WHERE id = ? [1]
[18:00:15] [INFO] SQL: SELECT * FROM usuario WHERE id = ? [1]
[18:00:16] [INFO] SQL: SELECT * FROM usuario WHERE id = ? [1]
[18:00:24] [INFO] SQL: SELECT id, contenido 
                        FROM pregunta 
                        WHERE categoria_id = ? 
                        ORDER BY RAND() 
                        LIMIT 1
[18:00:24] [INFO] SQL: SELECT * FROM usuario WHERE id = ? [1]
[18:00:24] [INFO] SQL: SELECT * FROM usuario WHERE id = ? [1]
[18:00:31] [INFO] SQL: SELECT * FROM usuario WHERE id = ? [1]
[18:00:31] [INFO] SQL: SELECT * FROM usuario WHERE id = ? [1]
[18:00:32] [INFO] SQL: SELECT * FROM usuario WHERE id = ? [1]
[18:00:32] [INFO] SQL: SELECT * FROM usuario WHERE id = ? [1]
[18:00:38] [INFO] SQL: SELECT id, contenido 
                        FROM pregunta 
                        WHERE categoria_id = ? 
                        ORDER BY RAND() 
                        LIMIT 1
[18:00:38] [INFO] SQL: SELECT * FROM usuario WHERE id = ? [1]
[18:00:38] [INFO] SQL: SELECT * FROM usuario WHERE id = ? [1]
[18:00:52] [INFO] SQL: SELECT * FROM usuario WHERE id = ? [1]
[18:00:52] [INFO] SQL: SELECT * FROM usuario WHERE id = ? [1]
[18:00:54] [INFO] SQL: SELECT * FROM usuario WHERE id = ? [1]
[18:00:54] [INFO] SQL: SELECT * FROM usuario WHERE id = ? [1]
[18:01:01] [INFO] SQL: SELECT id, contenido 
                        FROM pregunta 
                        WHERE categoria_id = ? 
                        ORDER BY RAND() 
                        LIMIT 1
[18:01:01] [INFO] SQL: SELECT * FROM usuario WHERE id = ? [1]
[18:01:01] [INFO] SQL: SELECT * FROM usuario WHERE id = ? [1]
[18:01:08] [INFO] SQL: SELECT * FROM usuario WHERE id = ? [1]
[18:01:08] [INFO] SQL: SELECT * FROM usuario WHERE id = ? [1]
[18:01:09] [INFO] SQL: SELECT * FROM usuario WHERE id = ? [1]
[18:01:09] [INFO] SQL: SELECT * FROM usuario WHERE id = ? [1]
[18:01:16] [INFO] SQL: SELECT id, contenido 
                        FROM pregunta 
                        WHERE categoria_id = ? 
                        ORDER BY RAND() 
                        LIMIT 1
[18:01:16] [INFO] SQL: SELECT * FROM usuario WHERE id = ? [1]
[18:01:16] [INFO] SQL: SELECT * FROM usuario WHERE id = ? [1]
[18:01:22] [INFO] SQL: SELECT * FROM usuario WHERE id = ? [1]
[18:01:22] [INFO] SQL: SELECT * FROM usuario WHERE id = ? [1]
[18:01:24] [INFO] SQL: SELECT * FROM usuario WHERE id = ? [1]
[18:01:24] [INFO] SQL: SELECT * FROM usuario WHERE id = ? [1]
[18:01:24] [INFO] SQL: SELECT * FROM usuario WHERE id = ? [1]
[18:09:13] [INFO] SQL: SELECT * FROM usuario WHERE id = ? [1]
[18:09:13] [INFO] SQL: SELECT * FROM usuario WHERE id = ? [1]
[18:09:13] [INFO] SQL: SELECT * FROM usuario WHERE id = ? [1]
[18:09:15] [INFO] SQL: SELECT * FROM usuario WHERE id = ? [1]
[18:09:15] [INFO] SQL: SELECT * FROM usuario WHERE id = ? [1]
[18:09:15] [INFO] SQL: SELECT * FROM usuario WHERE id = ? [1]
[18:09:16] [INFO] SQL: SELECT * FROM usuario WHERE id = ? [1]
[18:09:16] [INFO] SQL: SELECT * FROM usuario WHERE id = ? [1]
[18:09:16] [INFO] SQL: SELECT * FROM usuario WHERE id = ? [1]
[18:09:17] [INFO] SQL: SELECT * FROM usuario WHERE id = ? [1]
[18:09:17] [INFO] SQL: SELECT * FROM usuario WHERE id = ? [1]
[18:09:17] [INFO] SQL: SELECT * FROM usuario WHERE id = ? [1]
[18:09:18] [INFO] SQL: SELECT * FROM usuario WHERE id = ? [1]
[18:09:18] [INFO] SQL: SELECT * FROM usuario WHERE id = ? [1]
[18:09:25] [INFO] SQL: SELECT id, contenido 
                        FROM pregunta 
                        WHERE categoria_id = ? 
                        ORDER BY RAND() 
                        LIMIT 1
[18:09:25] [INFO] SQL: SELECT * FROM usuario WHERE id = ? [1]
[18:09:25] [INFO] SQL: SELECT * FROM usuario WHERE id = ? [1]
[18:09:30] [INFO] SQL: SELECT * FROM usuario WHERE id = ? [1]
[18:09:30] [INFO] SQL: SELECT * FROM usuario WHERE id = ? [1]
[18:09:31] [INFO] SQL: SELECT * FROM usuario WHERE id = ? [1]
[18:09:31] [INFO] SQL: SELECT * FROM usuario WHERE id = ? [1]
[18:09:38] [INFO] SQL: SELECT id, contenido 
                        FROM pregunta 
                        WHERE categoria_id = ? 
                        ORDER BY RAND() 
                        LIMIT 1
[18:09:38] [INFO] SQL: SELECT * FROM usuario WHERE id = ? [1]
[18:09:38] [INFO] SQL: SELECT * FROM usuario WHERE id = ? [1]
[18:09:44] [INFO] SQL: SELECT * FROM usuario WHERE id = ? [1]
[18:09:44] [INFO] SQL: SELECT * FROM usuario WHERE id = ? [1]
[18:09:45] [INFO] SQL: SELECT * FROM usuario WHERE id = ? [1]
[18:09:46] [INFO] SQL: SELECT * FROM usuario WHERE id = ? [1]
[18:09:52] [INFO] SQL: SELECT id, contenido 
                        FROM pregunta 
                        WHERE categoria_id = ? 
                        ORDER BY RAND() 
                        LIMIT 1
[18:09:52] [INFO] SQL: SELECT * FROM usuario WHERE id = ? [1]
[18:09:52] [INFO] SQL: SELECT * FROM usuario WHERE id = ? [1]
[18:09:57] [INFO] SQL: SELECT * FROM usuario WHERE id = ? [1]
[18:09:57] [INFO] SQL: SELECT * FROM usuario WHERE id = ? [1]
[18:09:59] [INFO] SQL: SELECT * FROM usuario WHERE id = ? [1]
[18:09:59] [INFO] SQL: SELECT * FROM usuario WHERE id = ? [1]
[18:10:05] [INFO] SQL: SELECT id, contenido 
                        FROM pregunta 
                        WHERE categoria_id = ? 
                        ORDER BY RAND() 
                        LIMIT 1
[18:10:05] [INFO] SQL: SELECT * FROM usuario WHERE id = ? [1]
[18:10:06] [INFO] SQL: SELECT * FROM usuario WHERE id = ? [1]
[18:10:20] [INFO] SQL: SELECT * FROM usuario WHERE id = ? [1]
[18:10:20] [INFO] SQL: SELECT * FROM usuario WHERE id = ? [1]
[18:10:21] [INFO] SQL: SELECT * FROM usuario WHERE id = ? [1]
[18:10:21] [INFO] SQL: SELECT * FROM usuario WHERE id = ? [1]
[18:10:27] [INFO] SQL: SELECT id, contenido 
                        FROM pregunta 
                        WHERE categoria_id = ? 
                        ORDER BY RAND() 
                        LIMIT 1
[18:10:27] [INFO] SQL: SELECT * FROM usuario WHERE id = ? [1]
[18:10:27] [INFO] SQL: SELECT * FROM usuario WHERE id = ? [1]
[18:10:43] [INFO] SQL: SELECT * FROM usuario WHERE id = ? [1]
[18:10:43] [INFO] SQL: SELECT * FROM usuario WHERE id = ? [1]
[18:10:45] [INFO] SQL: SELECT * FROM usuario WHERE id = ? [1]
[18:10:45] [INFO] SQL: SELECT * FROM usuario WHERE id = ? [1]
[18:10:45] [INFO] SQL: SELECT * FROM usuario WHERE id = ? [1]
[18:10:47] [INFO] SQL: SELECT * FROM usuario WHERE id = ? [1]
[18:10:47] [INFO] SQL: SELECT * FROM usuario WHERE id = ? [1]
[18:10:47] [INFO] SQL: SELECT * FROM usuario WHERE id = ? [1]
[18:11:16] [INFO] SQL: SELECT * FROM usuario WHERE id = ? [1]
[18:11:16] [INFO] SQL: SELECT * FROM usuario WHERE id = ? [1]
[18:11:17] [INFO] SQL: SELECT * FROM usuario WHERE id = ? [1]
[19:03:51] [INFO] SQL: SELECT * FROM usuario WHERE id = ? [1]
[19:03:51] [INFO] SQL: SELECT * FROM usuario WHERE id = ? [1]
[19:03:51] [INFO] SQL: SELECT * FROM usuario WHERE id = ? [1]
[19:04:05] [INFO] SQL: SELECT * FROM usuario WHERE id = ? [1]
[19:04:05] [INFO] SQL: SELECT * FROM usuario WHERE id = ? [1]
[19:04:05] [INFO] SQL: SELECT * FROM usuario WHERE id = ? [1]
[19:05:54] [INFO] SQL: SELECT * FROM usuario WHERE id = ? [1]
[19:05:54] [INFO] SQL: SELECT * FROM usuario WHERE id = ? [1]
[19:05:54] [INFO] SQL: SELECT * FROM usuario WHERE id = ? [1]
[19:06:00] [INFO] SQL: SELECT * FROM usuario WHERE id = ? [1]
[19:06:00] [INFO] SQL: SELECT * FROM usuario WHERE id = ? [1]
[19:06:00] [INFO] SQL: SELECT * FROM usuario WHERE id = ? [1]
[19:06:11] [INFO] SQL: SELECT * FROM usuario WHERE nombre_usuario = ? [denu]
[19:06:11] [INFO] SQL: SELECT * FROM usuario WHERE id = ? [1]
[19:06:11] [INFO] SQL: SELECT * FROM usuario WHERE id = ? [1]
[19:06:11] [INFO] SQL: SELECT * FROM usuario WHERE id = ? [1]
[19:07:25] [INFO] SQL: SELECT * FROM usuario WHERE id = ? [1]
[19:07:26] [INFO] SQL: SELECT * FROM usuario WHERE id = ? [1]
[19:07:31] [INFO] SQL: SELECT id, contenido 
                        FROM pregunta 
                        WHERE categoria_id = ? 
                        ORDER BY RAND() 
                        LIMIT 1
[19:07:31] [INFO] SQL: SELECT * FROM usuario WHERE id = ? [1]
[19:07:32] [INFO] SQL: SELECT * FROM usuario WHERE id = ? [1]
[19:07:33] [INFO] SQL: SELECT * FROM usuario WHERE id = ? [1]
[19:07:34] [INFO] SQL: SELECT * FROM usuario WHERE id = ? [1]
[19:07:36] [INFO] SQL: SELECT * FROM usuario WHERE id = ? [1]
[19:07:36] [INFO] SQL: SELECT * FROM usuario WHERE id = ? [1]
[19:07:36] [INFO] SQL: SELECT * FROM usuario WHERE id = ? [1]
[19:07:44] [INFO] SQL: SELECT * FROM usuario WHERE id = ? [1]
[19:07:44] [INFO] SQL: SELECT * FROM usuario WHERE id = ? [1]
[19:07:50] [INFO] SQL: SELECT id, contenido 
                        FROM pregunta 
                        WHERE categoria_id = ? 
                        ORDER BY RAND() 
                        LIMIT 1
[19:07:50] [INFO] SQL: SELECT * FROM usuario WHERE id = ? [1]
[19:07:50] [INFO] SQL: SELECT * FROM usuario WHERE id = ? [1]
[19:07:54] [INFO] SQL: SELECT * FROM usuario WHERE id = ? [1]
[19:07:54] [INFO] SQL: SELECT * FROM usuario WHERE id = ? [1]
[19:07:57] [INFO] SQL: SELECT * FROM usuario WHERE id = ? [1]
[19:07:57] [INFO] SQL: SELECT * FROM usuario WHERE id = ? [1]
[19:08:03] [INFO] SQL: SELECT id, contenido 
                        FROM pregunta 
                        WHERE categoria_id = ? 
                        ORDER BY RAND() 
                        LIMIT 1
[19:08:03] [INFO] SQL: SELECT * FROM usuario WHERE id = ? [1]
[19:08:03] [INFO] SQL: SELECT * FROM usuario WHERE id = ? [1]
[19:08:04] [INFO] SQL: SELECT * FROM usuario WHERE id = ? [1]
[19:08:04] [INFO] SQL: SELECT * FROM usuario WHERE id = ? [1]
[19:08:06] [INFO] SQL: SELECT * FROM usuario WHERE id = ? [1]
[19:08:06] [INFO] SQL: SELECT * FROM usuario WHERE id = ? [1]
[19:08:06] [INFO] SQL: SELECT * FROM usuario WHERE id = ? [1]
[19:15:14] [INFO] SQL: SELECT * FROM usuario WHERE id = ? [1]
[19:15:14] [INFO] SQL: SELECT * FROM usuario WHERE id = ? [1]
[19:15:14] [INFO] SQL: SELECT * FROM usuario WHERE id = ? [1]
[19:15:14] [INFO] SQL: SELECT * FROM usuario WHERE id = ? [1]
[19:15:14] [INFO] SQL: SELECT * FROM usuario WHERE id = ? [1]
[19:15:28] [INFO] SQL: SELECT id, contenido 
                        FROM pregunta 
                        WHERE categoria_id = ? 
                        ORDER BY RAND() 
                        LIMIT 1
[19:15:28] [INFO] SQL: SELECT * FROM usuario WHERE id = ? [1]
[19:15:28] [INFO] SQL: SELECT * FROM usuario WHERE id = ? [1]
[19:15:32] [INFO] SQL: SELECT * FROM usuario WHERE id = ? [1]
[19:15:32] [INFO] SQL: SELECT * FROM usuario WHERE id = ? [1]
[19:36:05] [INFO] SQL: SELECT * FROM usuario WHERE id = ? [1]
[19:36:05] [INFO] SQL: SELECT * FROM usuario WHERE id = ? [1]
[19:36:07] [INFO] SQL: SELECT * FROM usuario WHERE id = ? [1]
[19:36:09] [INFO] SQL: SELECT * FROM usuario WHERE id = ? [1]
[19:36:09] [INFO] SQL: SELECT * FROM usuario WHERE id = ? [1]
[19:36:09] [INFO] SQL: SELECT * FROM usuario WHERE id = ? [1]
[19:36:09] [INFO] SQL: SELECT * FROM usuario WHERE id = ? [1]
[19:36:10] [INFO] SQL: SELECT * FROM usuario WHERE id = ? [1]
[19:36:20] [INFO] SQL: SELECT id, contenido 
                        FROM pregunta 
                        WHERE categoria_id = ? 
                        ORDER BY RAND() 
                        LIMIT 1
[19:36:20] [INFO] SQL: SELECT * FROM usuario WHERE id = ? [1]
[19:36:20] [INFO] SQL: SELECT * FROM usuario WHERE id = ? [1]
[19:36:23] [INFO] SQL: SELECT * FROM usuario WHERE id = ? [1]
[19:36:23] [INFO] SQL: SELECT * FROM usuario WHERE id = ? [1]
[19:36:26] [INFO] SQL: SELECT * FROM usuario WHERE id = ? [1]
[19:36:26] [INFO] SQL: SELECT * FROM usuario WHERE id = ? [1]
[19:36:40] [INFO] SQL: SELECT id, contenido 
                        FROM pregunta 
                        WHERE categoria_id = ? 
                        ORDER BY RAND() 
                        LIMIT 1
[19:36:40] [INFO] SQL: SELECT * FROM usuario WHERE id = ? [1]
[19:36:40] [INFO] SQL: SELECT * FROM usuario WHERE id = ? [1]
[19:36:41] [INFO] SQL: SELECT * FROM usuario WHERE id = ? [1]
[19:36:41] [INFO] SQL: SELECT * FROM usuario WHERE id = ? [1]
[19:36:46] [INFO] SQL: SELECT * FROM usuario WHERE id = ? [1]
[19:36:46] [INFO] SQL: SELECT * FROM usuario WHERE id = ? [1]
[19:36:46] [INFO] SQL: SELECT * FROM usuario WHERE id = ? [1]
[19:37:01] [INFO] SQL: SELECT * FROM usuario WHERE id = ? [1]
[19:37:01] [INFO] SQL: SELECT * FROM usuario WHERE id = ? [1]
[19:37:08] [INFO] SQL: SELECT id, contenido 
                        FROM pregunta 
                        WHERE categoria_id = ? 
                        ORDER BY RAND() 
                        LIMIT 1
[19:37:08] [INFO] SQL: SELECT * FROM usuario WHERE id = ? [1]
[19:37:08] [INFO] SQL: SELECT * FROM usuario WHERE id = ? [1]
[19:37:10] [INFO] SQL: SELECT * FROM usuario WHERE id = ? [1]
[19:37:10] [INFO] SQL: SELECT * FROM usuario WHERE id = ? [1]
[19:38:26] [INFO] SQL: SELECT * FROM usuario WHERE id = ? [1]
[19:38:26] [INFO] SQL: SELECT * FROM usuario WHERE id = ? [1]
[19:38:28] [INFO] SQL: SELECT * FROM usuario WHERE id = ? [1]
[19:38:29] [INFO] SQL: SELECT * FROM usuario WHERE id = ? [1]
[19:38:29] [INFO] SQL: SELECT * FROM usuario WHERE id = ? [1]
[19:38:30] [INFO] SQL: SELECT * FROM usuario WHERE id = ? [1]
[19:38:30] [INFO] SQL: SELECT * FROM usuario WHERE id = ? [1]
[19:38:31] [INFO] SQL: SELECT * FROM usuario WHERE id = ? [1]
[19:38:37] [INFO] SQL: SELECT id, contenido 
                        FROM pregunta 
                        WHERE categoria_id = ? 
                        ORDER BY RAND() 
                        LIMIT 1
[19:38:37] [INFO] SQL: SELECT * FROM usuario WHERE id = ? [1]
[19:38:38] [INFO] SQL: SELECT * FROM usuario WHERE id = ? [1]
[19:38:40] [INFO] SQL: SELECT * FROM usuario WHERE id = ? [1]
[19:38:40] [INFO] SQL: SELECT * FROM usuario WHERE id = ? [1]
[19:38:41] [INFO] SQL: SELECT * FROM usuario WHERE id = ? [1]
[19:38:41] [INFO] SQL: SELECT * FROM usuario WHERE id = ? [1]
[19:38:48] [INFO] SQL: SELECT id, contenido 
                        FROM pregunta 
                        WHERE categoria_id = ? 
                        ORDER BY RAND() 
                        LIMIT 1
[19:38:48] [INFO] SQL: SELECT * FROM usuario WHERE id = ? [1]
[19:38:48] [INFO] SQL: SELECT * FROM usuario WHERE id = ? [1]
[19:38:54] [INFO] SQL: SELECT * FROM usuario WHERE id = ? [1]
[19:38:54] [INFO] SQL: SELECT * FROM usuario WHERE id = ? [1]
[19:38:59] [INFO] SQL: SELECT * FROM usuario WHERE id = ? [1]
[19:38:59] [INFO] SQL: SELECT * FROM usuario WHERE id = ? [1]
[19:38:59] [INFO] SQL: SELECT * FROM usuario WHERE id = ? [1]
[19:39:00] [INFO] SQL: SELECT * FROM usuario WHERE id = ? [1]
[19:39:00] [INFO] SQL: SELECT * FROM usuario WHERE id = ? [1]
[19:39:00] [INFO] SQL: SELECT * FROM usuario WHERE id = ? [1]
[19:39:12] [INFO] SQL: SELECT * FROM usuario WHERE id = ? [1]
[19:39:12] [INFO] SQL: SELECT * FROM usuario WHERE id = ? [1]
[19:39:19] [INFO] SQL: SELECT id, contenido 
                        FROM pregunta 
                        WHERE categoria_id = ? 
                        ORDER BY RAND() 
                        LIMIT 1
[19:39:19] [INFO] SQL: SELECT * FROM usuario WHERE id = ? [1]
[19:39:19] [INFO] SQL: SELECT * FROM usuario WHERE id = ? [1]
[19:39:23] [INFO] SQL: SELECT * FROM usuario WHERE id = ? [1]
[19:39:23] [INFO] SQL: SELECT * FROM usuario WHERE id = ? [1]
[19:39:25] [INFO] SQL: SELECT * FROM usuario WHERE id = ? [1]
[19:39:25] [INFO] SQL: SELECT * FROM usuario WHERE id = ? [1]
[19:39:32] [INFO] SQL: SELECT id, contenido 
                        FROM pregunta 
                        WHERE categoria_id = ? 
                        ORDER BY RAND() 
                        LIMIT 1
[19:39:32] [INFO] SQL: SELECT * FROM usuario WHERE id = ? [1]
[19:39:32] [INFO] SQL: SELECT * FROM usuario WHERE id = ? [1]
[19:39:36] [INFO] SQL: SELECT * FROM usuario WHERE id = ? [1]
[19:39:36] [INFO] SQL: SELECT * FROM usuario WHERE id = ? [1]
[19:39:38] [INFO] SQL: SELECT * FROM usuario WHERE id = ? [1]
[19:39:38] [INFO] SQL: SELECT * FROM usuario WHERE id = ? [1]
[19:39:44] [INFO] SQL: SELECT id, contenido 
                        FROM pregunta 
                        WHERE categoria_id = ? 
                        ORDER BY RAND() 
                        LIMIT 1
[19:39:44] [INFO] SQL: SELECT * FROM usuario WHERE id = ? [1]
[19:39:44] [INFO] SQL: SELECT * FROM usuario WHERE id = ? [1]
[19:39:51] [INFO] SQL: SELECT * FROM usuario WHERE id = ? [1]
[19:39:51] [INFO] SQL: SELECT * FROM usuario WHERE id = ? [1]
[19:39:54] [INFO] SQL: SELECT * FROM usuario WHERE id = ? [1]
[19:39:54] [INFO] SQL: SELECT * FROM usuario WHERE id = ? [1]
[19:39:55] [INFO] SQL: SELECT * FROM usuario WHERE id = ? [1]
[19:39:56] [INFO] SQL: SELECT * FROM usuario WHERE id = ? [1]
[19:39:56] [INFO] SQL: SELECT * FROM usuario WHERE id = ? [1]
[19:39:56] [INFO] SQL: SELECT * FROM usuario WHERE id = ? [1]
[19:46:20] [INFO] SQL: SELECT * FROM usuario WHERE id = ? [1]
[19:46:24] [INFO] SQL: SELECT * FROM usuario WHERE id = ? [1]
[19:46:24] [INFO] SQL: SELECT * FROM usuario WHERE id = ? [1]
[19:46:24] [INFO] SQL: SELECT * FROM usuario WHERE id = ? [1]
[19:46:37] [INFO] SQL: SELECT * FROM usuario WHERE nombre_usuario = ? [denu]
[19:46:38] [INFO] SQL: SELECT * FROM usuario WHERE id = ? [1]
[19:46:38] [INFO] SQL: SELECT * FROM usuario WHERE id = ? [1]
[19:46:38] [INFO] SQL: SELECT * FROM usuario WHERE id = ? [1]
[19:46:39] [INFO] SQL: SELECT * FROM usuario WHERE id = ? [1]
[19:46:39] [INFO] SQL: SELECT * FROM usuario WHERE id = ? [1]
[19:46:46] [INFO] SQL: SELECT id, contenido 
                        FROM pregunta 
                        WHERE categoria_id = ? 
                        ORDER BY RAND() 
                        LIMIT 1
[19:46:46] [INFO] SQL: SELECT * FROM usuario WHERE id = ? [1]
[19:46:46] [INFO] SQL: SELECT * FROM usuario WHERE id = ? [1]
[19:46:47] [INFO] SQL: SELECT * FROM usuario WHERE id = ? [1]
[19:46:48] [INFO] SQL: SELECT * FROM usuario WHERE id = ? [1]
[19:46:49] [INFO] SQL: SELECT * FROM usuario WHERE id = ? [1]
[19:46:49] [INFO] SQL: SELECT * FROM usuario WHERE id = ? [1]
[19:46:49] [INFO] SQL: SELECT * FROM usuario WHERE id = ? [1]
[19:46:51] [INFO] SQL: SELECT * FROM usuario WHERE id = ? [1]
[19:46:51] [INFO] SQL: SELECT * FROM usuario WHERE id = ? [1]
[19:46:57] [INFO] SQL: SELECT id, contenido 
                        FROM pregunta 
                        WHERE categoria_id = ? 
                        ORDER BY RAND() 
                        LIMIT 1
[19:46:57] [INFO] SQL: SELECT * FROM usuario WHERE id = ? [1]
[19:46:57] [INFO] SQL: SELECT * FROM usuario WHERE id = ? [1]
[19:46:59] [INFO] SQL: SELECT * FROM usuario WHERE id = ? [1]
[19:46:59] [INFO] SQL: SELECT * FROM usuario WHERE id = ? [1]
[19:47:01] [INFO] SQL: SELECT * FROM usuario WHERE id = ? [1]
[19:47:01] [INFO] SQL: SELECT * FROM usuario WHERE id = ? [1]
[19:47:01] [INFO] SQL: SELECT * FROM usuario WHERE id = ? [1]
[19:47:02] [INFO] SQL: SELECT * FROM usuario WHERE id = ? [1]
[19:47:02] [INFO] SQL: SELECT * FROM usuario WHERE id = ? [1]
[19:47:08] [INFO] SQL: SELECT id, contenido 
                        FROM pregunta 
                        WHERE categoria_id = ? 
                        ORDER BY RAND() 
                        LIMIT 1
[19:47:08] [INFO] SQL: SELECT * FROM usuario WHERE id = ? [1]
[19:47:08] [INFO] SQL: SELECT * FROM usuario WHERE id = ? [1]
[19:47:13] [INFO] SQL: SELECT * FROM usuario WHERE id = ? [1]
[19:47:14] [INFO] SQL: SELECT * FROM usuario WHERE id = ? [1]
[19:47:16] [INFO] SQL: SELECT * FROM usuario WHERE id = ? [1]
[19:47:16] [INFO] SQL: SELECT * FROM usuario WHERE id = ? [1]
[19:47:16] [INFO] SQL: SELECT * FROM usuario WHERE id = ? [1]
[19:47:17] [INFO] SQL: SELECT * FROM usuario WHERE id = ? [1]
[19:47:17] [INFO] SQL: SELECT * FROM usuario WHERE id = ? [1]
[19:47:23] [INFO] SQL: SELECT id, contenido 
                        FROM pregunta 
                        WHERE categoria_id = ? 
                        ORDER BY RAND() 
                        LIMIT 1
[19:47:23] [INFO] SQL: SELECT * FROM usuario WHERE id = ? [1]
[19:47:23] [INFO] SQL: SELECT * FROM usuario WHERE id = ? [1]
[19:47:27] [INFO] SQL: SELECT * FROM usuario WHERE id = ? [1]
[19:47:27] [INFO] SQL: SELECT * FROM usuario WHERE id = ? [1]
[19:47:28] [INFO] SQL: SELECT * FROM usuario WHERE id = ? [1]
[19:47:28] [INFO] SQL: SELECT * FROM usuario WHERE id = ? [1]
[19:47:34] [INFO] SQL: SELECT id, contenido 
                        FROM pregunta 
                        WHERE categoria_id = ? 
                        ORDER BY RAND() 
                        LIMIT 1
[19:47:34] [INFO] SQL: SELECT * FROM usuario WHERE id = ? [1]
[19:47:34] [INFO] SQL: SELECT * FROM usuario WHERE id = ? [1]
[19:47:35] [INFO] SQL: SELECT * FROM usuario WHERE id = ? [1]
[19:47:35] [INFO] SQL: SELECT * FROM usuario WHERE id = ? [1]
[19:47:37] [INFO] SQL: SELECT * FROM usuario WHERE id = ? [1]
[19:47:37] [INFO] SQL: SELECT * FROM usuario WHERE id = ? [1]
[19:47:37] [INFO] SQL: SELECT * FROM usuario WHERE id = ? [1]
[19:47:39] [INFO] SQL: SELECT * FROM usuario WHERE id = ? [1]
[19:47:39] [INFO] SQL: SELECT * FROM usuario WHERE id = ? [1]
[19:47:39] [INFO] SQL: SELECT * FROM usuario WHERE id = ? [1]
[19:49:15] [INFO] SQL: SELECT * FROM usuario WHERE id = ? [1]
[19:49:15] [INFO] SQL: SELECT * FROM usuario WHERE id = ? [1]
[19:49:16] [INFO] SQL: SELECT * FROM usuario WHERE id = ? [1]
[19:50:59] [INFO] SQL: SELECT * FROM usuario WHERE id = ? [1]
[19:50:59] [INFO] SQL: SELECT * FROM usuario WHERE id = ? [1]
[19:51:00] [INFO] SQL: SELECT * FROM usuario WHERE id = ? [1]
[19:52:56] [INFO] SQL: SELECT id, nombre_usuario, foto_perfil, puntaje AS puntaje FROM usuario WHERE id = ? [1]
[19:52:56] [INFO] SQL: SELECT id, nombre_usuario, foto_perfil, puntaje AS puntaje FROM usuario WHERE id = ? [1]
[19:52:57] [INFO] SQL: SELECT id, nombre_usuario, foto_perfil, puntaje AS puntaje FROM usuario WHERE id = ? [1]
[19:54:23] [INFO] SQL: SELECT id, nombre_usuario, foto_perfil, puntaje AS puntaje FROM usuario WHERE id = ? [1]
[19:54:23] [INFO] SQL: SELECT id, nombre_usuario, foto_perfil, puntaje AS puntaje FROM usuario WHERE id = ? [1]
[19:54:24] [INFO] SQL: SELECT id, nombre_usuario, foto_perfil, puntaje AS puntaje FROM usuario WHERE id = ? [1]
[19:54:39] [INFO] SQL: SELECT id, nombre_usuario, foto_perfil, puntaje AS puntaje FROM usuario WHERE id = ? [1]
[19:54:39] [INFO] SQL: SELECT id, nombre_usuario, foto_perfil, puntaje AS puntaje FROM usuario WHERE id = ? [1]
[19:54:46] [INFO] SQL: SELECT id, contenido 
                        FROM pregunta 
                        WHERE categoria_id = ? 
                        ORDER BY RAND() 
                        LIMIT 1
[19:54:46] [INFO] SQL: SELECT id, nombre_usuario, foto_perfil, puntaje AS puntaje FROM usuario WHERE id = ? [1]
[19:54:46] [INFO] SQL: SELECT id, nombre_usuario, foto_perfil, puntaje AS puntaje FROM usuario WHERE id = ? [1]
[19:54:48] [INFO] SQL: SELECT id, nombre_usuario, foto_perfil, puntaje AS puntaje FROM usuario WHERE id = ? [1]
[19:54:48] [INFO] SQL: SELECT id, nombre_usuario, foto_perfil, puntaje AS puntaje FROM usuario WHERE id = ? [1]
[19:54:50] [INFO] SQL: SELECT id, nombre_usuario, foto_perfil, puntaje AS puntaje FROM usuario WHERE id = ? [1]
[19:54:51] [INFO] SQL: SELECT id, nombre_usuario, foto_perfil, puntaje AS puntaje FROM usuario WHERE id = ? [1]
[19:54:57] [INFO] SQL: SELECT id, contenido 
                        FROM pregunta 
                        WHERE categoria_id = ? 
                        ORDER BY RAND() 
                        LIMIT 1
[19:54:57] [INFO] SQL: SELECT id, nombre_usuario, foto_perfil, puntaje AS puntaje FROM usuario WHERE id = ? [1]
[19:54:57] [INFO] SQL: SELECT id, nombre_usuario, foto_perfil, puntaje AS puntaje FROM usuario WHERE id = ? [1]
[19:55:02] [INFO] SQL: SELECT id, nombre_usuario, foto_perfil, puntaje AS puntaje FROM usuario WHERE id = ? [1]
[19:55:02] [INFO] SQL: SELECT id, nombre_usuario, foto_perfil, puntaje AS puntaje FROM usuario WHERE id = ? [1]
[19:55:05] [INFO] SQL: SELECT id, nombre_usuario, foto_perfil, puntaje AS puntaje FROM usuario WHERE id = ? [1]
[19:55:05] [INFO] SQL: SELECT id, nombre_usuario, foto_perfil, puntaje AS puntaje FROM usuario WHERE id = ? [1]
[19:55:05] [INFO] SQL: SELECT id, nombre_usuario, foto_perfil, puntaje AS puntaje FROM usuario WHERE id = ? [1]
[19:55:07] [INFO] SQL: SELECT id, nombre_usuario, foto_perfil, puntaje AS puntaje FROM usuario WHERE id = ? [1]
[19:55:07] [INFO] SQL: SELECT id, nombre_usuario, foto_perfil, puntaje AS puntaje FROM usuario WHERE id = ? [1]
[19:55:07] [INFO] SQL: SELECT id, nombre_usuario, foto_perfil, puntaje AS puntaje FROM usuario WHERE id = ? [1]
[19:55:35] [INFO] SQL: SELECT id, nombre_usuario, foto_perfil, puntaje AS puntaje FROM usuario WHERE id = ? [1]
[19:55:35] [INFO] SQL: SELECT id, nombre_usuario, foto_perfil, puntaje AS puntaje FROM usuario WHERE id = ? [1]
[19:55:35] [INFO] SQL: SELECT id, nombre_usuario, foto_perfil, puntaje AS puntaje FROM usuario WHERE id = ? [1]
[20:01:20] [INFO] SQL: SELECT id, nombre_usuario, foto_perfil, puntaje AS puntaje FROM usuario WHERE id = ? [1]
[20:01:20] [INFO] SQL: SELECT id, nombre_usuario, foto_perfil, puntaje AS puntaje FROM usuario WHERE id = ? [1]
[20:01:21] [INFO] SQL: SELECT id, nombre_usuario, foto_perfil, puntaje AS puntaje FROM usuario WHERE id = ? [1]
[20:01:23] [INFO] SQL: SELECT id, nombre_usuario, foto_perfil, puntaje AS puntaje FROM usuario WHERE id = ? [1]
[20:01:23] [INFO] SQL: SELECT id, nombre_usuario, foto_perfil, puntaje AS puntaje FROM usuario WHERE id = ? [1]
[20:01:30] [INFO] SQL: SELECT id, contenido 
                        FROM pregunta 
                        WHERE categoria_id = ? 
                        ORDER BY RAND() 
                        LIMIT 1
[20:01:30] [INFO] SQL: SELECT id, nombre_usuario, foto_perfil, puntaje AS puntaje FROM usuario WHERE id = ? [1]
[20:01:30] [INFO] SQL: SELECT id, nombre_usuario, foto_perfil, puntaje AS puntaje FROM usuario WHERE id = ? [1]
[20:01:34] [INFO] SQL: SELECT id, nombre_usuario, foto_perfil, puntaje AS puntaje FROM usuario WHERE id = ? [1]
[20:02:37] [INFO] SQL: SELECT id, nombre_usuario, foto_perfil, puntaje AS puntaje FROM usuario WHERE id = ? [1]
[20:02:39] [INFO] SQL: SELECT id, nombre_usuario, foto_perfil, puntaje AS puntaje FROM usuario WHERE id = ? [1]
[20:02:39] [INFO] SQL: SELECT id, nombre_usuario, foto_perfil, puntaje AS puntaje FROM usuario WHERE id = ? [1]
[20:02:39] [INFO] SQL: SELECT id, nombre_usuario, foto_perfil, puntaje AS puntaje FROM usuario WHERE id = ? [1]
[20:02:41] [INFO] SQL: SELECT id, nombre_usuario, foto_perfil, puntaje AS puntaje FROM usuario WHERE id = ? [1]
[20:02:41] [INFO] SQL: SELECT id, nombre_usuario, foto_perfil, puntaje AS puntaje FROM usuario WHERE id = ? [1]
[20:02:48] [INFO] SQL: SELECT id, contenido 
                        FROM pregunta 
                        WHERE categoria_id = ? 
                        ORDER BY RAND() 
                        LIMIT 1
[20:02:48] [INFO] SQL: SELECT id, nombre_usuario, foto_perfil, puntaje AS puntaje FROM usuario WHERE id = ? [1]
[20:02:48] [INFO] SQL: SELECT id, nombre_usuario, foto_perfil, puntaje AS puntaje FROM usuario WHERE id = ? [1]
[20:02:50] [INFO] SQL: SELECT id, nombre_usuario, foto_perfil, puntaje AS puntaje FROM usuario WHERE id = ? [1]
[20:02:50] [INFO] SQL: SELECT id, nombre_usuario, foto_perfil, puntaje AS puntaje FROM usuario WHERE id = ? [1]
[20:02:51] [INFO] SQL: SELECT id, nombre_usuario, foto_perfil, puntaje AS puntaje FROM usuario WHERE id = ? [1]
[20:02:52] [INFO] SQL: SELECT id, nombre_usuario, foto_perfil, puntaje AS puntaje FROM usuario WHERE id = ? [1]
[20:02:59] [INFO] SQL: SELECT id, contenido 
                        FROM pregunta 
                        WHERE categoria_id = ? 
                        ORDER BY RAND() 
                        LIMIT 1
[20:02:59] [INFO] SQL: SELECT id, nombre_usuario, foto_perfil, puntaje AS puntaje FROM usuario WHERE id = ? [1]
[20:02:59] [INFO] SQL: SELECT id, nombre_usuario, foto_perfil, puntaje AS puntaje FROM usuario WHERE id = ? [1]
[20:03:02] [INFO] SQL: SELECT id, nombre_usuario, foto_perfil, puntaje AS puntaje FROM usuario WHERE id = ? [1]
[20:03:02] [INFO] SQL: SELECT id, nombre_usuario, foto_perfil, puntaje AS puntaje FROM usuario WHERE id = ? [1]
[20:03:04] [INFO] SQL: SELECT id, nombre_usuario, foto_perfil, puntaje AS puntaje FROM usuario WHERE id = ? [1]
[20:03:04] [INFO] SQL: SELECT id, nombre_usuario, foto_perfil, puntaje AS puntaje FROM usuario WHERE id = ? [1]
[20:03:04] [INFO] SQL: SELECT id, nombre_usuario, foto_perfil, puntaje AS puntaje FROM usuario WHERE id = ? [1]
[20:03:07] [INFO] SQL: SELECT id, nombre_usuario, foto_perfil, puntaje AS puntaje FROM usuario WHERE id = ? [1]
[20:03:07] [INFO] SQL: SELECT id, nombre_usuario, foto_perfil, puntaje AS puntaje FROM usuario WHERE id = ? [1]
[20:03:07] [INFO] SQL: SELECT id, nombre_usuario, foto_perfil, puntaje AS puntaje FROM usuario WHERE id = ? [1]
[20:03:28] [INFO] SQL: SELECT id, nombre_usuario, foto_perfil, puntaje AS puntaje FROM usuario WHERE id = ? [1]
[20:03:28] [INFO] SQL: SELECT id, nombre_usuario, foto_perfil, puntaje AS puntaje FROM usuario WHERE id = ? [1]
[20:03:29] [INFO] SQL: SELECT id, nombre_usuario, foto_perfil, puntaje AS puntaje FROM usuario WHERE id = ? [1]
